<?xml version="1.0" encoding="UTF-8"?>
<testng-results skipped="6" failed="0" total="36" passed="30">
  <reporter-output>
  </reporter-output>
  <suite name="Default suite" duration-ms="2427" started-at="2017-01-06T00:44:11Z" finished-at="2017-01-06T00:44:13Z">
    <groups>
    </groups>
    <test name="Default test" duration-ms="2427" started-at="2017-01-06T00:44:11Z" finished-at="2017-01-06T00:44:13Z">
      <class name="com.stores.app.storesecond.service.ColourServiceImplTest">
        <test-method status="PASS" signature="setUp()[pri:0, instance:com.stores.app.storesecond.service.ColourServiceImplTest@42ea7565]" name="setUp" is-config="true" duration-ms="9" started-at="2017-01-06T01:44:13Z" finished-at="2017-01-06T01:44:13Z">
          <reporter-output>
          </reporter-output>
        </test-method> <!-- setUp -->
        <test-method status="PASS" signature="deleteColourById()[pri:0, instance:com.stores.app.storesecond.service.ColourServiceImplTest@42ea7565]" name="deleteColourById" duration-ms="2" started-at="2017-01-06T01:44:13Z" finished-at="2017-01-06T01:44:13Z">
          <reporter-output>
          </reporter-output>
        </test-method> <!-- deleteColourById -->
        <test-method status="PASS" signature="findAllColours()[pri:0, instance:com.stores.app.storesecond.service.ColourServiceImplTest@42ea7565]" name="findAllColours" duration-ms="1" started-at="2017-01-06T01:44:13Z" finished-at="2017-01-06T01:44:13Z">
          <reporter-output>
          </reporter-output>
        </test-method> <!-- findAllColours -->
        <test-method status="PASS" signature="findById()[pri:0, instance:com.stores.app.storesecond.service.ColourServiceImplTest@42ea7565]" name="findById" duration-ms="1" started-at="2017-01-06T01:44:13Z" finished-at="2017-01-06T01:44:13Z">
          <reporter-output>
          </reporter-output>
        </test-method> <!-- findById -->
        <test-method status="PASS" signature="findColourById()[pri:0, instance:com.stores.app.storesecond.service.ColourServiceImplTest@42ea7565]" name="findColourById" duration-ms="1" started-at="2017-01-06T01:44:13Z" finished-at="2017-01-06T01:44:13Z">
          <reporter-output>
          </reporter-output>
        </test-method> <!-- findColourById -->
        <test-method status="PASS" signature="saveColour()[pri:0, instance:com.stores.app.storesecond.service.ColourServiceImplTest@42ea7565]" name="saveColour" duration-ms="1" started-at="2017-01-06T01:44:13Z" finished-at="2017-01-06T01:44:13Z">
          <reporter-output>
          </reporter-output>
        </test-method> <!-- saveColour -->
        <test-method status="PASS" signature="updateColour()[pri:0, instance:com.stores.app.storesecond.service.ColourServiceImplTest@42ea7565]" name="updateColour" duration-ms="1" started-at="2017-01-06T01:44:13Z" finished-at="2017-01-06T01:44:13Z">
          <reporter-output>
          </reporter-output>
        </test-method> <!-- updateColour -->
      </class> <!-- com.stores.app.storesecond.service.ColourServiceImplTest -->
      <class name="com.stores.app.storesecond.service.ItemServiceImplTest">
        <test-method status="PASS" signature="setUp()[pri:0, instance:com.stores.app.storesecond.service.ItemServiceImplTest@6f25bf88]" name="setUp" is-config="true" duration-ms="5" started-at="2017-01-06T01:44:13Z" finished-at="2017-01-06T01:44:13Z">
          <reporter-output>
          </reporter-output>
        </test-method> <!-- setUp -->
        <test-method status="PASS" signature="deleteColourById()[pri:0, instance:com.stores.app.storesecond.service.ItemServiceImplTest@6f25bf88]" name="deleteColourById" duration-ms="1" started-at="2017-01-06T01:44:13Z" finished-at="2017-01-06T01:44:13Z">
          <reporter-output>
          </reporter-output>
        </test-method> <!-- deleteColourById -->
        <test-method status="PASS" signature="findAllItems()[pri:0, instance:com.stores.app.storesecond.service.ItemServiceImplTest@6f25bf88]" name="findAllItems" duration-ms="1" started-at="2017-01-06T01:44:13Z" finished-at="2017-01-06T01:44:13Z">
          <reporter-output>
          </reporter-output>
        </test-method> <!-- findAllItems -->
        <test-method status="PASS" signature="findById()[pri:0, instance:com.stores.app.storesecond.service.ItemServiceImplTest@6f25bf88]" name="findById" duration-ms="1" started-at="2017-01-06T01:44:13Z" finished-at="2017-01-06T01:44:13Z">
          <reporter-output>
          </reporter-output>
        </test-method> <!-- findById -->
        <test-method status="PASS" signature="findItemById()[pri:0, instance:com.stores.app.storesecond.service.ItemServiceImplTest@6f25bf88]" name="findItemById" duration-ms="1" started-at="2017-01-06T01:44:13Z" finished-at="2017-01-06T01:44:13Z">
          <reporter-output>
          </reporter-output>
        </test-method> <!-- findItemById -->
        <test-method status="PASS" signature="saveItem()[pri:0, instance:com.stores.app.storesecond.service.ItemServiceImplTest@6f25bf88]" name="saveItem" duration-ms="1" started-at="2017-01-06T01:44:13Z" finished-at="2017-01-06T01:44:13Z">
          <reporter-output>
          </reporter-output>
        </test-method> <!-- saveItem -->
        <test-method status="PASS" signature="updateItem()[pri:0, instance:com.stores.app.storesecond.service.ItemServiceImplTest@6f25bf88]" name="updateItem" duration-ms="1" started-at="2017-01-06T01:44:13Z" finished-at="2017-01-06T01:44:13Z">
          <reporter-output>
          </reporter-output>
        </test-method> <!-- updateItem -->
      </class> <!-- com.stores.app.storesecond.service.ItemServiceImplTest -->
      <class name="com.stores.app.storesecond.dao.BrandDaoImplTest">
        <test-method status="PASS" signature="springTestContextBeforeTestClass()[pri:0, instance:com.stores.app.storesecond.dao.BrandDaoImplTest@77cb452c]" name="springTestContextBeforeTestClass" is-config="true" duration-ms="0" started-at="2017-01-06T01:44:11Z" finished-at="2017-01-06T01:44:11Z">
          <reporter-output>
          </reporter-output>
        </test-method> <!-- springTestContextBeforeTestClass -->
        <test-method status="FAIL" signature="springTestContextPrepareTestInstance()[pri:0, instance:com.stores.app.storesecond.dao.BrandDaoImplTest@77cb452c]" name="springTestContextPrepareTestInstance" is-config="true" duration-ms="0" started-at="2017-01-06T01:44:11Z" depends-on-methods="org.springframework.test.context.testng.AbstractTestNGSpringContextTests.springTestContextBeforeTestClass" finished-at="2017-01-06T01:44:11Z">
          <exception class="org.springframework.beans.factory.BeanCreationException">
            <message>
              <![CDATA[Error creating bean with name 'com.stores.app.storesecond.dao.BrandDaoImplTest': Injection of autowired dependencies failed; nested exception is org.springframework.beans.factory.BeanCreationException: Could not autowire field: com.stores.app.storesecond.dao.BrandDao com.stores.app.storesecond.dao.BrandDaoImplTest.brandDao; nested exception is org.springframework.beans.factory.NoSuchBeanDefinitionException: No qualifying bean of type [com.stores.app.storesecond.dao.BrandDao] found for dependency: expected at least 1 bean which qualifies as autowire candidate for this dependency. Dependency annotations: {@org.springframework.beans.factory.annotation.Autowired(required=true)}]]>
            </message>
            <full-stacktrace>
              <![CDATA[org.springframework.beans.factory.BeanCreationException: Error creating bean with name 'com.stores.app.storesecond.dao.BrandDaoImplTest': Injection of autowired dependencies failed; nested exception is org.springframework.beans.factory.BeanCreationException: Could not autowire field: com.stores.app.storesecond.dao.BrandDao com.stores.app.storesecond.dao.BrandDaoImplTest.brandDao; nested exception is org.springframework.beans.factory.NoSuchBeanDefinitionException: No qualifying bean of type [com.stores.app.storesecond.dao.BrandDao] found for dependency: expected at least 1 bean which qualifies as autowire candidate for this dependency. Dependency annotations: {@org.springframework.beans.factory.annotation.Autowired(required=true)}
	at org.springframework.beans.factory.annotation.AutowiredAnnotationBeanPostProcessor.postProcessPropertyValues(AutowiredAnnotationBeanPostProcessor.java:292)
	at org.springframework.beans.factory.support.AbstractAutowireCapableBeanFactory.populateBean(AbstractAutowireCapableBeanFactory.java:1185)
	at org.springframework.beans.factory.support.AbstractAutowireCapableBeanFactory.autowireBeanProperties(AbstractAutowireCapableBeanFactory.java:384)
	at org.springframework.test.context.support.DependencyInjectionTestExecutionListener.injectDependencies(DependencyInjectionTestExecutionListener.java:110)
	at org.springframework.test.context.support.DependencyInjectionTestExecutionListener.prepareTestInstance(DependencyInjectionTestExecutionListener.java:75)
	at org.springframework.test.context.TestContextManager.prepareTestInstance(TestContextManager.java:331)
	at org.springframework.test.context.testng.AbstractTestNGSpringContextTests.springTestContextPrepareTestInstance(AbstractTestNGSpringContextTests.java:146)
	at sun.reflect.NativeMethodAccessorImpl.invoke0(Native Method)
	at sun.reflect.NativeMethodAccessorImpl.invoke(Unknown Source)
	at sun.reflect.DelegatingMethodAccessorImpl.invoke(Unknown Source)
	at java.lang.reflect.Method.invoke(Unknown Source)
	at org.testng.internal.MethodInvocationHelper.invokeMethod(MethodInvocationHelper.java:85)
	at org.testng.internal.Invoker.invokeConfigurationMethod(Invoker.java:517)
	at org.testng.internal.Invoker.invokeConfigurations(Invoker.java:213)
	at org.testng.internal.Invoker.invokeConfigurations(Invoker.java:140)
	at org.testng.internal.TestMethodWorker.invokeBeforeClassMethods(TestMethodWorker.java:170)
	at org.testng.internal.TestMethodWorker.run(TestMethodWorker.java:104)
	at org.testng.TestRunner.privateRun(TestRunner.java:771)
	at org.testng.TestRunner.run(TestRunner.java:621)
	at org.testng.SuiteRunner.runTest(SuiteRunner.java:357)
	at org.testng.SuiteRunner.runSequentially(SuiteRunner.java:352)
	at org.testng.SuiteRunner.privateRun(SuiteRunner.java:310)
	at org.testng.SuiteRunner.run(SuiteRunner.java:259)
	at org.testng.SuiteRunnerWorker.runSuite(SuiteRunnerWorker.java:52)
	at org.testng.SuiteRunnerWorker.run(SuiteRunnerWorker.java:86)
	at org.testng.TestNG.runSuitesSequentially(TestNG.java:1199)
	at org.testng.TestNG.runSuitesLocally(TestNG.java:1124)
	at org.testng.TestNG.run(TestNG.java:1032)
	at org.testng.remote.AbstractRemoteTestNG.run(AbstractRemoteTestNG.java:132)
	at org.testng.remote.RemoteTestNG.initAndRun(RemoteTestNG.java:236)
	at org.testng.remote.RemoteTestNG.main(RemoteTestNG.java:81)
Caused by: org.springframework.beans.factory.BeanCreationException: Could not autowire field: com.stores.app.storesecond.dao.BrandDao com.stores.app.storesecond.dao.BrandDaoImplTest.brandDao; nested exception is org.springframework.beans.factory.NoSuchBeanDefinitionException: No qualifying bean of type [com.stores.app.storesecond.dao.BrandDao] found for dependency: expected at least 1 bean which qualifies as autowire candidate for this dependency. Dependency annotations: {@org.springframework.beans.factory.annotation.Autowired(required=true)}
	at org.springframework.beans.factory.annotation.AutowiredAnnotationBeanPostProcessor$AutowiredFieldElement.inject(AutowiredAnnotationBeanPostProcessor.java:508)
	at org.springframework.beans.factory.annotation.InjectionMetadata.inject(InjectionMetadata.java:87)
	at org.springframework.beans.factory.annotation.AutowiredAnnotationBeanPostProcessor.postProcessPropertyValues(AutowiredAnnotationBeanPostProcessor.java:289)
	... 30 more
Caused by: org.springframework.beans.factory.NoSuchBeanDefinitionException: No qualifying bean of type [com.stores.app.storesecond.dao.BrandDao] found for dependency: expected at least 1 bean which qualifies as autowire candidate for this dependency. Dependency annotations: {@org.springframework.beans.factory.annotation.Autowired(required=true)}
	at org.springframework.beans.factory.support.DefaultListableBeanFactory.raiseNoSuchBeanDefinitionException(DefaultListableBeanFactory.java:1103)
	at org.springframework.beans.factory.support.DefaultListableBeanFactory.doResolveDependency(DefaultListableBeanFactory.java:963)
	at org.springframework.beans.factory.support.DefaultListableBeanFactory.resolveDependency(DefaultListableBeanFactory.java:858)
	at org.springframework.beans.factory.annotation.AutowiredAnnotationBeanPostProcessor$AutowiredFieldElement.inject(AutowiredAnnotationBeanPostProcessor.java:480)
	... 32 more
]]>
            </full-stacktrace>
          </exception> <!-- org.springframework.beans.factory.BeanCreationException -->
          <reporter-output>
          </reporter-output>
        </test-method> <!-- springTestContextPrepareTestInstance -->
        <test-method status="SKIP" signature="springTestContextBeforeTestMethod(java.lang.reflect.Method)[pri:0, instance:com.stores.app.storesecond.dao.BrandDaoImplTest@77cb452c]" name="springTestContextBeforeTestMethod" is-config="true" duration-ms="0" started-at="2017-01-06T01:44:13Z" finished-at="2017-01-06T01:44:13Z">
          <reporter-output>
          </reporter-output>
        </test-method> <!-- springTestContextBeforeTestMethod -->
        <test-method status="SKIP" signature="setUp()[pri:0, instance:com.stores.app.storesecond.dao.BrandDaoImplTest@77cb452c]" name="setUp" is-config="true" duration-ms="0" started-at="2017-01-06T01:44:13Z" finished-at="2017-01-06T01:44:13Z">
          <reporter-output>
          </reporter-output>
        </test-method> <!-- setUp -->
        <test-method status="SKIP" signature="deleteBrandById()[pri:0, instance:com.stores.app.storesecond.dao.BrandDaoImplTest@77cb452c]" name="deleteBrandById" duration-ms="1" started-at="2017-01-06T01:44:13Z" finished-at="2017-01-06T01:44:13Z">
          <reporter-output>
          </reporter-output>
        </test-method> <!-- deleteBrandById -->
        <test-method status="PASS" signature="springTestContextAfterTestMethod(java.lang.reflect.Method)[pri:0, instance:com.stores.app.storesecond.dao.BrandDaoImplTest@77cb452c]" name="springTestContextAfterTestMethod" is-config="true" duration-ms="2" started-at="2017-01-06T01:44:13Z" finished-at="2017-01-06T01:44:13Z">
          <params>
            <param index="0">
              <value>
                <![CDATA[public void com.stores.app.storesecond.dao.BrandDaoImplTest.deleteBrandById()]]>
              </value>
            </param>
          </params>
          <reporter-output>
          </reporter-output>
        </test-method> <!-- springTestContextAfterTestMethod -->
        <test-method status="SKIP" signature="springTestContextBeforeTestMethod(java.lang.reflect.Method)[pri:0, instance:com.stores.app.storesecond.dao.BrandDaoImplTest@77cb452c]" name="springTestContextBeforeTestMethod" is-config="true" duration-ms="0" started-at="2017-01-06T01:44:13Z" finished-at="2017-01-06T01:44:13Z">
          <reporter-output>
          </reporter-output>
        </test-method> <!-- springTestContextBeforeTestMethod -->
        <test-method status="SKIP" signature="setUp()[pri:0, instance:com.stores.app.storesecond.dao.BrandDaoImplTest@77cb452c]" name="setUp" is-config="true" duration-ms="0" started-at="2017-01-06T01:44:13Z" finished-at="2017-01-06T01:44:13Z">
          <reporter-output>
          </reporter-output>
        </test-method> <!-- setUp -->
        <test-method status="SKIP" signature="deleteBrandByInvalidId()[pri:0, instance:com.stores.app.storesecond.dao.BrandDaoImplTest@77cb452c]" name="deleteBrandByInvalidId" duration-ms="1" started-at="2017-01-06T01:44:13Z" finished-at="2017-01-06T01:44:13Z">
          <reporter-output>
          </reporter-output>
        </test-method> <!-- deleteBrandByInvalidId -->
        <test-method status="PASS" signature="springTestContextAfterTestMethod(java.lang.reflect.Method)[pri:0, instance:com.stores.app.storesecond.dao.BrandDaoImplTest@77cb452c]" name="springTestContextAfterTestMethod" is-config="true" duration-ms="1" started-at="2017-01-06T01:44:13Z" finished-at="2017-01-06T01:44:13Z">
          <params>
            <param index="0">
              <value>
                <![CDATA[public void com.stores.app.storesecond.dao.BrandDaoImplTest.deleteBrandByInvalidId()]]>
              </value>
            </param>
          </params>
          <reporter-output>
          </reporter-output>
        </test-method> <!-- springTestContextAfterTestMethod -->
        <test-method status="SKIP" signature="springTestContextBeforeTestMethod(java.lang.reflect.Method)[pri:0, instance:com.stores.app.storesecond.dao.BrandDaoImplTest@77cb452c]" name="springTestContextBeforeTestMethod" is-config="true" duration-ms="0" started-at="2017-01-06T01:44:13Z" finished-at="2017-01-06T01:44:13Z">
          <reporter-output>
          </reporter-output>
        </test-method> <!-- springTestContextBeforeTestMethod -->
        <test-method status="SKIP" signature="setUp()[pri:0, instance:com.stores.app.storesecond.dao.BrandDaoImplTest@77cb452c]" name="setUp" is-config="true" duration-ms="0" started-at="2017-01-06T01:44:13Z" finished-at="2017-01-06T01:44:13Z">
          <reporter-output>
          </reporter-output>
        </test-method> <!-- setUp -->
        <test-method status="SKIP" signature="findAllBrands()[pri:0, instance:com.stores.app.storesecond.dao.BrandDaoImplTest@77cb452c]" name="findAllBrands" duration-ms="1" started-at="2017-01-06T01:44:13Z" finished-at="2017-01-06T01:44:13Z">
          <reporter-output>
          </reporter-output>
        </test-method> <!-- findAllBrands -->
        <test-method status="PASS" signature="springTestContextAfterTestMethod(java.lang.reflect.Method)[pri:0, instance:com.stores.app.storesecond.dao.BrandDaoImplTest@77cb452c]" name="springTestContextAfterTestMethod" is-config="true" duration-ms="0" started-at="2017-01-06T01:44:13Z" finished-at="2017-01-06T01:44:13Z">
          <params>
            <param index="0">
              <value>
                <![CDATA[public void com.stores.app.storesecond.dao.BrandDaoImplTest.findAllBrands()]]>
              </value>
            </param>
          </params>
          <reporter-output>
          </reporter-output>
        </test-method> <!-- springTestContextAfterTestMethod -->
        <test-method status="SKIP" signature="springTestContextBeforeTestMethod(java.lang.reflect.Method)[pri:0, instance:com.stores.app.storesecond.dao.BrandDaoImplTest@77cb452c]" name="springTestContextBeforeTestMethod" is-config="true" duration-ms="0" started-at="2017-01-06T01:44:13Z" finished-at="2017-01-06T01:44:13Z">
          <reporter-output>
          </reporter-output>
        </test-method> <!-- springTestContextBeforeTestMethod -->
        <test-method status="SKIP" signature="setUp()[pri:0, instance:com.stores.app.storesecond.dao.BrandDaoImplTest@77cb452c]" name="setUp" is-config="true" duration-ms="0" started-at="2017-01-06T01:44:13Z" finished-at="2017-01-06T01:44:13Z">
          <reporter-output>
          </reporter-output>
        </test-method> <!-- setUp -->
        <test-method status="SKIP" signature="findBrandById()[pri:0, instance:com.stores.app.storesecond.dao.BrandDaoImplTest@77cb452c]" name="findBrandById" duration-ms="0" started-at="2017-01-06T01:44:13Z" finished-at="2017-01-06T01:44:13Z">
          <reporter-output>
          </reporter-output>
        </test-method> <!-- findBrandById -->
        <test-method status="SKIP" signature="springTestContextBeforeTestMethod(java.lang.reflect.Method)[pri:0, instance:com.stores.app.storesecond.dao.BrandDaoImplTest@77cb452c]" name="springTestContextBeforeTestMethod" is-config="true" duration-ms="0" started-at="2017-01-06T01:44:13Z" finished-at="2017-01-06T01:44:13Z">
          <reporter-output>
          </reporter-output>
        </test-method> <!-- springTestContextBeforeTestMethod -->
        <test-method status="PASS" signature="springTestContextAfterTestMethod(java.lang.reflect.Method)[pri:0, instance:com.stores.app.storesecond.dao.BrandDaoImplTest@77cb452c]" name="springTestContextAfterTestMethod" is-config="true" duration-ms="0" started-at="2017-01-06T01:44:13Z" finished-at="2017-01-06T01:44:13Z">
          <params>
            <param index="0">
              <value>
                <![CDATA[public void com.stores.app.storesecond.dao.BrandDaoImplTest.findBrandById()]]>
              </value>
            </param>
          </params>
          <reporter-output>
          </reporter-output>
        </test-method> <!-- springTestContextAfterTestMethod -->
        <test-method status="SKIP" signature="setUp()[pri:0, instance:com.stores.app.storesecond.dao.BrandDaoImplTest@77cb452c]" name="setUp" is-config="true" duration-ms="0" started-at="2017-01-06T01:44:13Z" finished-at="2017-01-06T01:44:13Z">
          <reporter-output>
          </reporter-output>
        </test-method> <!-- setUp -->
        <test-method status="SKIP" signature="findById()[pri:0, instance:com.stores.app.storesecond.dao.BrandDaoImplTest@77cb452c]" name="findById" duration-ms="0" started-at="2017-01-06T01:44:13Z" finished-at="2017-01-06T01:44:13Z">
          <reporter-output>
          </reporter-output>
        </test-method> <!-- findById -->
        <test-method status="PASS" signature="springTestContextAfterTestMethod(java.lang.reflect.Method)[pri:0, instance:com.stores.app.storesecond.dao.BrandDaoImplTest@77cb452c]" name="springTestContextAfterTestMethod" is-config="true" duration-ms="1" started-at="2017-01-06T01:44:13Z" finished-at="2017-01-06T01:44:13Z">
          <params>
            <param index="0">
              <value>
                <![CDATA[public void com.stores.app.storesecond.dao.BrandDaoImplTest.findById()]]>
              </value>
            </param>
          </params>
          <reporter-output>
          </reporter-output>
        </test-method> <!-- springTestContextAfterTestMethod -->
        <test-method status="SKIP" signature="springTestContextBeforeTestMethod(java.lang.reflect.Method)[pri:0, instance:com.stores.app.storesecond.dao.BrandDaoImplTest@77cb452c]" name="springTestContextBeforeTestMethod" is-config="true" duration-ms="0" started-at="2017-01-06T01:44:13Z" finished-at="2017-01-06T01:44:13Z">
          <reporter-output>
          </reporter-output>
        </test-method> <!-- springTestContextBeforeTestMethod -->
        <test-method status="SKIP" signature="setUp()[pri:0, instance:com.stores.app.storesecond.dao.BrandDaoImplTest@77cb452c]" name="setUp" is-config="true" duration-ms="0" started-at="2017-01-06T01:44:13Z" finished-at="2017-01-06T01:44:13Z">
          <reporter-output>
          </reporter-output>
        </test-method> <!-- setUp -->
        <test-method status="SKIP" signature="saveBrand()[pri:0, instance:com.stores.app.storesecond.dao.BrandDaoImplTest@77cb452c]" name="saveBrand" duration-ms="1" started-at="2017-01-06T01:44:13Z" finished-at="2017-01-06T01:44:13Z">
          <reporter-output>
          </reporter-output>
        </test-method> <!-- saveBrand -->
        <test-method status="PASS" signature="springTestContextAfterTestMethod(java.lang.reflect.Method)[pri:0, instance:com.stores.app.storesecond.dao.BrandDaoImplTest@77cb452c]" name="springTestContextAfterTestMethod" is-config="true" duration-ms="0" started-at="2017-01-06T01:44:13Z" finished-at="2017-01-06T01:44:13Z">
          <params>
            <param index="0">
              <value>
                <![CDATA[public void com.stores.app.storesecond.dao.BrandDaoImplTest.saveBrand()]]>
              </value>
            </param>
          </params>
          <reporter-output>
          </reporter-output>
        </test-method> <!-- springTestContextAfterTestMethod -->
        <test-method status="PASS" signature="springTestContextAfterTestClass()[pri:0, instance:com.stores.app.storesecond.dao.BrandDaoImplTest@77cb452c]" name="springTestContextAfterTestClass" is-config="true" duration-ms="0" started-at="2017-01-06T01:44:13Z" finished-at="2017-01-06T01:44:13Z">
          <reporter-output>
          </reporter-output>
        </test-method> <!-- springTestContextAfterTestClass -->
      </class> <!-- com.stores.app.storesecond.dao.BrandDaoImplTest -->
      <class name="com.stores.app.storesecond.service.UserServiceImplTest">
        <test-method status="PASS" signature="setUp()[pri:0, instance:com.stores.app.storesecond.service.UserServiceImplTest@2c26ba07]" name="setUp" is-config="true" duration-ms="7" started-at="2017-01-06T01:44:13Z" finished-at="2017-01-06T01:44:13Z">
          <reporter-output>
          </reporter-output>
        </test-method> <!-- setUp -->
        <test-method status="PASS" signature="deleteUserById()[pri:0, instance:com.stores.app.storesecond.service.UserServiceImplTest@2c26ba07]" name="deleteUserById" duration-ms="1" started-at="2017-01-06T01:44:13Z" finished-at="2017-01-06T01:44:13Z">
          <reporter-output>
          </reporter-output>
        </test-method> <!-- deleteUserById -->
        <test-method status="PASS" signature="findAllUsers()[pri:0, instance:com.stores.app.storesecond.service.UserServiceImplTest@2c26ba07]" name="findAllUsers" duration-ms="0" started-at="2017-01-06T01:44:13Z" finished-at="2017-01-06T01:44:13Z">
          <reporter-output>
          </reporter-output>
        </test-method> <!-- findAllUsers -->
        <test-method status="PASS" signature="findById()[pri:0, instance:com.stores.app.storesecond.service.UserServiceImplTest@2c26ba07]" name="findById" duration-ms="1" started-at="2017-01-06T01:44:13Z" finished-at="2017-01-06T01:44:13Z">
          <reporter-output>
          </reporter-output>
        </test-method> <!-- findById -->
        <test-method status="PASS" signature="findUserById()[pri:0, instance:com.stores.app.storesecond.service.UserServiceImplTest@2c26ba07]" name="findUserById" duration-ms="1" started-at="2017-01-06T01:44:13Z" finished-at="2017-01-06T01:44:13Z">
          <reporter-output>
          </reporter-output>
        </test-method> <!-- findUserById -->
        <test-method status="PASS" signature="saveColour()[pri:0, instance:com.stores.app.storesecond.service.UserServiceImplTest@2c26ba07]" name="saveColour" duration-ms="1" started-at="2017-01-06T01:44:13Z" finished-at="2017-01-06T01:44:13Z">
          <reporter-output>
          </reporter-output>
        </test-method> <!-- saveColour -->
        <test-method status="PASS" signature="updateUser()[pri:0, instance:com.stores.app.storesecond.service.UserServiceImplTest@2c26ba07]" name="updateUser" duration-ms="2" started-at="2017-01-06T01:44:13Z" finished-at="2017-01-06T01:44:13Z">
          <reporter-output>
          </reporter-output>
        </test-method> <!-- updateUser -->
      </class> <!-- com.stores.app.storesecond.service.UserServiceImplTest -->
      <class name="com.stores.app.storesecond.service.BrandServiceImplTest">
        <test-method status="PASS" signature="setUp()[pri:0, instance:com.stores.app.storesecond.service.BrandServiceImplTest@61cda923]" name="setUp" is-config="true" duration-ms="394" started-at="2017-01-06T01:44:11Z" finished-at="2017-01-06T01:44:11Z">
          <reporter-output>
          </reporter-output>
        </test-method> <!-- setUp -->
        <test-method status="PASS" signature="deleteBrandById()[pri:0, instance:com.stores.app.storesecond.service.BrandServiceImplTest@61cda923]" name="deleteBrandById" duration-ms="30" started-at="2017-01-06T01:44:11Z" finished-at="2017-01-06T01:44:11Z">
          <reporter-output>
          </reporter-output>
        </test-method> <!-- deleteBrandById -->
        <test-method status="PASS" signature="findAllBrands()[pri:0, instance:com.stores.app.storesecond.service.BrandServiceImplTest@61cda923]" name="findAllBrands" duration-ms="9" started-at="2017-01-06T01:44:11Z" finished-at="2017-01-06T01:44:11Z">
          <reporter-output>
          </reporter-output>
        </test-method> <!-- findAllBrands -->
        <test-method status="PASS" signature="findBrandById()[pri:0, instance:com.stores.app.storesecond.service.BrandServiceImplTest@61cda923]" name="findBrandById" duration-ms="3" started-at="2017-01-06T01:44:11Z" finished-at="2017-01-06T01:44:11Z">
          <reporter-output>
          </reporter-output>
        </test-method> <!-- findBrandById -->
        <test-method status="PASS" signature="findById()[pri:0, instance:com.stores.app.storesecond.service.BrandServiceImplTest@61cda923]" name="findById" duration-ms="2" started-at="2017-01-06T01:44:11Z" finished-at="2017-01-06T01:44:11Z">
          <reporter-output>
          </reporter-output>
        </test-method> <!-- findById -->
        <test-method status="PASS" signature="saveBrand()[pri:0, instance:com.stores.app.storesecond.service.BrandServiceImplTest@61cda923]" name="saveBrand" duration-ms="2" started-at="2017-01-06T01:44:11Z" finished-at="2017-01-06T01:44:11Z">
          <reporter-output>
          </reporter-output>
        </test-method> <!-- saveBrand -->
        <test-method status="PASS" signature="updateBrand()[pri:0, instance:com.stores.app.storesecond.service.BrandServiceImplTest@61cda923]" name="updateBrand" duration-ms="2" started-at="2017-01-06T01:44:11Z" finished-at="2017-01-06T01:44:11Z">
          <reporter-output>
          </reporter-output>
        </test-method> <!-- updateBrand -->
      </class> <!-- com.stores.app.storesecond.service.BrandServiceImplTest -->
      <class name="com.stores.app.storesecond.service.CategoryServiceImplTest">
        <test-method status="PASS" signature="setUp()[pri:0, instance:com.stores.app.storesecond.service.CategoryServiceImplTest@709f0202]" name="setUp" is-config="true" duration-ms="8" started-at="2017-01-06T01:44:11Z" finished-at="2017-01-06T01:44:11Z">
          <reporter-output>
          </reporter-output>
        </test-method> <!-- setUp -->
        <test-method status="PASS" signature="deleteBrandById()[pri:0, instance:com.stores.app.storesecond.service.CategoryServiceImplTest@709f0202]" name="deleteBrandById" duration-ms="2" started-at="2017-01-06T01:44:11Z" finished-at="2017-01-06T01:44:11Z">
          <reporter-output>
          </reporter-output>
        </test-method> <!-- deleteBrandById -->
        <test-method status="PASS" signature="findAllCategories()[pri:0, instance:com.stores.app.storesecond.service.CategoryServiceImplTest@709f0202]" name="findAllCategories" duration-ms="2" started-at="2017-01-06T01:44:11Z" finished-at="2017-01-06T01:44:11Z">
          <reporter-output>
          </reporter-output>
        </test-method> <!-- findAllCategories -->
        <test-method status="PASS" signature="findById()[pri:0, instance:com.stores.app.storesecond.service.CategoryServiceImplTest@709f0202]" name="findById" duration-ms="2" started-at="2017-01-06T01:44:11Z" finished-at="2017-01-06T01:44:11Z">
          <reporter-output>
          </reporter-output>
        </test-method> <!-- findById -->
        <test-method status="PASS" signature="findCategoryById()[pri:0, instance:com.stores.app.storesecond.service.CategoryServiceImplTest@709f0202]" name="findCategoryById" duration-ms="2" started-at="2017-01-06T01:44:11Z" finished-at="2017-01-06T01:44:11Z">
          <reporter-output>
          </reporter-output>
        </test-method> <!-- findCategoryById -->
        <test-method status="PASS" signature="saveCategory()[pri:0, instance:com.stores.app.storesecond.service.CategoryServiceImplTest@709f0202]" name="saveCategory" duration-ms="2" started-at="2017-01-06T01:44:11Z" finished-at="2017-01-06T01:44:11Z">
          <reporter-output>
          </reporter-output>
        </test-method> <!-- saveCategory -->
        <test-method status="PASS" signature="updateCategory()[pri:0, instance:com.stores.app.storesecond.service.CategoryServiceImplTest@709f0202]" name="updateCategory" duration-ms="2" started-at="2017-01-06T01:44:11Z" finished-at="2017-01-06T01:44:11Z">
          <reporter-output>
          </reporter-output>
        </test-method> <!-- updateCategory -->
      </class> <!-- com.stores.app.storesecond.service.CategoryServiceImplTest -->
    </test> <!-- Default test -->
  </suite> <!-- Default suite -->
</testng-results>
